<?xml version="1.0" encoding="UTF-8"?>
<testsuite name="ru.stqa.pft.addressbook.tests.GroupDeletionTests" tests="1" skipped="0" failures="0" errors="0" timestamp="2019-07-07T15:46:14" hostname="AP" time="5.233">
  <properties/>
  <testcase name="testGroupDeletion" classname="ru.stqa.pft.addressbook.tests.GroupDeletionTests" time="5.233"/>
  <system-out><![CDATA[19:46:13.823 [Test worker] INFO  r.s.pft.addressbook.tests.TestBase - Start test testGroupDeletion with parameters[]
19:46:19.437 [Test worker] INFO  r.s.pft.addressbook.tests.TestBase - Stop test testGroupDeletion
]]></system-out>
  <system-err><![CDATA[]]></system-err>
</testsuite>
