<?xml version="1.0" encoding="UTF-8"?>
<testsuite name="ru.stqa.pft.addressbook.tests.GroupModificationTests" tests="1" skipped="0" failures="0" errors="0" timestamp="2019-07-07T15:46:06" hostname="AP" time="7.25">
  <properties/>
  <testcase name="testGroupModification" classname="ru.stqa.pft.addressbook.tests.GroupModificationTests" time="7.25"/>
  <system-out><![CDATA[19:46:06.183 [Test worker] INFO  r.s.pft.addressbook.tests.TestBase - Start test testGroupModification with parameters[]
19:46:13.821 [Test worker] INFO  r.s.pft.addressbook.tests.TestBase - Stop test testGroupModification
]]></system-out>
  <system-err><![CDATA[]]></system-err>
</testsuite>
