<?xml version="1.0" encoding="UTF-8"?>
<testsuite name="ru.stqa.pft.addressbook.tests.RecordDeletionTests" tests="1" skipped="0" failures="0" errors="0" timestamp="2019-07-07T15:42:51" hostname="AP" time="19.482">
  <properties/>
  <testcase name="testRecordDeletion" classname="ru.stqa.pft.addressbook.tests.RecordDeletionTests" time="19.482"/>
  <system-out><![CDATA[19:42:46.348 [Test worker] INFO  r.s.pft.addressbook.tests.TestBase - Start test testRecordDeletion with parameters[]
19:43:11.418 [Test worker] INFO  r.s.pft.addressbook.tests.TestBase - Stop test testRecordDeletion
]]></system-out>
  <system-err><![CDATA[]]></system-err>
</testsuite>
